Using pre-set license
Built from '2020.3/staging' branch; Version is '2020.3.26f1 (7298b473bc1a) revision 7510196'; Using compiler version '192528614'; Build Type 'Release'
OS: 'Windows 11  (10.0.22000) 64bit Core' Language: 'en' Physical Memory: 32535 MB
BatchMode: 1, IsHumanControllingUs: 0, StartBugReporterOnCrash: 0, Is64bit: 1, IsPro: 0

COMMAND LINE ARGUMENTS:
C:\Program Files\Unity\Hub\Editor\2020.3.26f1\Editor\Unity.exe
-adb2
-batchMode
-noUpm
-name
AssetImportWorker0
-projectPath
C:/Users/amala/OneDrive/Documents/UnityProjects/ARFoundation_VFX
-logFile
Logs/AssetImportWorker0.log
-srvPort
59145
Successfully changed project path to: C:/Users/amala/OneDrive/Documents/UnityProjects/ARFoundation_VFX
C:/Users/amala/OneDrive/Documents/UnityProjects/ARFoundation_VFX
Using Asset Import Pipeline V2.
Refreshing native plugins compatible for Editor in 61.12 ms, found 0 plugins.
Preloading 0 native plugins for Editor in 0.00 ms.
Initialize engine version: 2020.3.26f1 (7298b473bc1a)
[Subsystems] Discovering subsystems at path C:/Program Files/Unity/Hub/Editor/2020.3.26f1/Editor/Data/Resources/UnitySubsystems
[Subsystems] Discovering subsystems at path C:/Users/amala/OneDrive/Documents/UnityProjects/ARFoundation_VFX/Assets
GfxDevice: creating device client; threaded=0
Direct3D:
    Version:  Direct3D 11.0 [level 11.1]
    Renderer: NVIDIA GeForce RTX 3070 Laptop GPU (ID=0x24dd)
    Vendor:   
    VRAM:     8044 MB
    Driver:   30.0.15.1295
Initialize mono
Mono path[0] = 'C:/Program Files/Unity/Hub/Editor/2020.3.26f1/Editor/Data/Managed'
Mono path[1] = 'C:/Program Files/Unity/Hub/Editor/2020.3.26f1/Editor/Data/MonoBleedingEdge/lib/mono/unityjit'
Mono config path = 'C:/Program Files/Unity/Hub/Editor/2020.3.26f1/Editor/Data/MonoBleedingEdge/etc'
Using monoOptions --debugger-agent=transport=dt_socket,embedding=1,server=y,suspend=n,address=127.0.0.1:56068
Begin MonoManager ReloadAssembly
Registering precompiled unity dll's ...
Register platform support module: C:/Program Files/Unity/Hub/Editor/2020.3.26f1/Editor/Data/PlaybackEngines/WebGLSupport/UnityEditor.WebGL.Extensions.dll
Register platform support module: C:/Program Files/Unity/Hub/Editor/2020.3.26f1/Editor/Data/PlaybackEngines/WindowsStandaloneSupport/UnityEditor.WindowsStandalone.Extensions.dll
Registered in 0.002714 seconds.
Native extension for WindowsStandalone target not found
Native extension for WebGL target not found
Refreshing native plugins compatible for Editor in 66.86 ms, found 0 plugins.
Preloading 0 native plugins for Editor in 0.00 ms.
Mono: successfully reloaded assembly
- Completed reload, in  0.568 seconds
Domain Reload Profiling:
	ReloadAssembly (568ms)
		BeginReloadAssembly (46ms)
			ExecutionOrderSort (0ms)
			DisableScriptedObjects (0ms)
			BackupInstance (0ms)
			ReleaseScriptingObjects (0ms)
			CreateAndSetChildDomain (1ms)
		EndReloadAssembly (447ms)
			LoadAssemblies (45ms)
			RebuildTransferFunctionScriptingTraits (0ms)
			SetupTypeCache (136ms)
			ReleaseScriptCaches (0ms)
			RebuildScriptCaches (29ms)
			SetupLoadedEditorAssemblies (177ms)
				LogAssemblyErrors (0ms)
				InitializePlatformSupportModulesInManaged (4ms)
				SetLoadedEditorAssemblies (0ms)
				RefreshPlugins (67ms)
				BeforeProcessingInitializeOnLoad (14ms)
				ProcessInitializeOnLoadAttributes (70ms)
				ProcessInitializeOnLoadMethodAttributes (22ms)
				AfterProcessingInitializeOnLoad (0ms)
				EditorAssembliesLoaded (0ms)
			ExecutionOrderSort2 (0ms)
			AwakeInstancesAfterBackupRestoration (0ms)
Platform modules already initialized, skipping
Registering precompiled user dll's ...
Registered in 0.006545 seconds.
Begin MonoManager ReloadAssembly
Native extension for WindowsStandalone target not found
Native extension for WebGL target not found
Refreshing native plugins compatible for Editor in 53.27 ms, found 0 plugins.
Preloading 0 native plugins for Editor in 0.00 ms.
Mono: successfully reloaded assembly
- Completed reload, in  0.970 seconds
Domain Reload Profiling:
	ReloadAssembly (971ms)
		BeginReloadAssembly (113ms)
			ExecutionOrderSort (0ms)
			DisableScriptedObjects (6ms)
			BackupInstance (0ms)
			ReleaseScriptingObjects (0ms)
			CreateAndSetChildDomain (19ms)
		EndReloadAssembly (808ms)
			LoadAssemblies (90ms)
			RebuildTransferFunctionScriptingTraits (0ms)
			SetupTypeCache (232ms)
			ReleaseScriptCaches (1ms)
			RebuildScriptCaches (61ms)
			SetupLoadedEditorAssemblies (335ms)
				LogAssemblyErrors (0ms)
				InitializePlatformSupportModulesInManaged (3ms)
				SetLoadedEditorAssemblies (0ms)
				RefreshPlugins (53ms)
				BeforeProcessingInitializeOnLoad (114ms)
				ProcessInitializeOnLoadAttributes (104ms)
				ProcessInitializeOnLoadMethodAttributes (55ms)
				AfterProcessingInitializeOnLoad (5ms)
				EditorAssembliesLoaded (0ms)
			ExecutionOrderSort2 (0ms)
			AwakeInstancesAfterBackupRestoration (5ms)
Platform modules already initialized, skipping
========================================================================
Worker process is ready to serve import requests
Launched and connected shader compiler UnityShaderCompiler.exe after 0.10 seconds
Refreshing native plugins compatible for Editor in 1.16 ms, found 0 plugins.
Preloading 0 native plugins for Editor in 0.00 ms.
Unloading 3936 Unused Serialized files (Serialized files now loaded: 0)
System memory in use before: 163.5 MB.
System memory in use after: 163.7 MB.

Unloading 18 unused Assets to reduce memory usage. Loaded Objects now: 4374.
Total: 7.041600 ms (FindLiveObjects: 0.593300 ms CreateObjectMapping: 0.364100 ms MarkObjects: 5.888900 ms  DeleteObjects: 0.192600 ms)

AssetImportParameters requested are different than current active one (requested -> active):
  custom:framework-win-MediaFoundation: 216162199b28c13a410421893ffa2e32 -> 
  custom:video-decoder-ogg-theora: a1e56fd34408186e4bbccfd4996cb3dc -> 
  custom:container-muxer-webm: aa71ff27fc2769a1b78a27578f13a17b -> 
  custom:container-demuxer-webm: 4f35f7cbe854078d1ac9338744f61a02 -> 
  custom:container-demuxer-ogg: 62fdf1f143b41e24485cea50d1cbac27 -> 
  custom:video-encoder-webm-vp8: eb34c28f22e8b96e1ab97ce403110664 -> 
  custom:video-codec-MediaFoundation-h265: 746d11721c4dcdbdad8f713fa42b33f4 -> 
  custom:video-decoder-webm-vp8: 9c59270c3fd7afecdb556c50c9e8de78 -> 
  custom:audio-decoder-ogg-vorbis: bf7c407c2cedff20999df2af8eb42d56 -> 
  custom:audio-encoder-webm-vorbis: bf7c407c2cedff20999df2af8eb42d56 -> 
========================================================================
Received Import Request.
  path: Assets/Cube.prefab
  artifactKey: Guid(83e6236cb8aafd94e9ff0735b236f6e9) Importer(815301076,1909f56bfc062723c751e8b465ee728b)
Start importing Assets/Cube.prefab using Guid(83e6236cb8aafd94e9ff0735b236f6e9) Importer(815301076,1909f56bfc062723c751e8b465ee728b)  -> (artifact id: 'abf4408b6aeaf5f178476365e246c718') in 0.245987 seconds 
  Import took 0.254682 seconds .

========================================================================
Received Prepare
Refreshing native plugins compatible for Editor in 3.38 ms, found 0 plugins.
Preloading 0 native plugins for Editor in 0.00 ms.
Unloading 10 Unused Serialized files (Serialized files now loaded: 0)
System memory in use before: 83.5 MB.
System memory in use after: 83.7 MB.

Unloading 9 unused Assets to reduce memory usage. Loaded Objects now: 4448.
Total: 7.762900 ms (FindLiveObjects: 0.989200 ms CreateObjectMapping: 0.419200 ms MarkObjects: 6.317500 ms  DeleteObjects: 0.035500 ms)

AssetImportParameters requested are different than current active one (requested -> active):
  custom:framework-win-MediaFoundation: 216162199b28c13a410421893ffa2e32 -> 
  custom:video-decoder-ogg-theora: a1e56fd34408186e4bbccfd4996cb3dc -> 
  custom:container-muxer-webm: aa71ff27fc2769a1b78a27578f13a17b -> 
  custom:container-demuxer-webm: 4f35f7cbe854078d1ac9338744f61a02 -> 
  custom:container-demuxer-ogg: 62fdf1f143b41e24485cea50d1cbac27 -> 
  custom:video-encoder-webm-vp8: eb34c28f22e8b96e1ab97ce403110664 -> 
  custom:video-codec-MediaFoundation-h265: 746d11721c4dcdbdad8f713fa42b33f4 -> 
  custom:video-decoder-webm-vp8: 9c59270c3fd7afecdb556c50c9e8de78 -> 
  custom:audio-decoder-ogg-vorbis: bf7c407c2cedff20999df2af8eb42d56 -> 
  custom:audio-encoder-webm-vorbis: bf7c407c2cedff20999df2af8eb42d56 -> 
========================================================================
Received Import Request.
  Time since last request: 2230.544249 seconds.
  path: Assets/Cube.prefab
  artifactKey: Guid(83e6236cb8aafd94e9ff0735b236f6e9) Importer(815301076,1909f56bfc062723c751e8b465ee728b)
Start importing Assets/Cube.prefab using Guid(83e6236cb8aafd94e9ff0735b236f6e9) Importer(815301076,1909f56bfc062723c751e8b465ee728b)  -> (artifact id: 'e715e24085d758da203551b737e79b7f') in 0.020228 seconds 
  Import took 0.030266 seconds .

========================================================================
Received Import Request.
  Time since last request: 2.728558 seconds.
  path: Assets/Cube.prefab
  artifactKey: Guid(83e6236cb8aafd94e9ff0735b236f6e9) Importer(815301076,1909f56bfc062723c751e8b465ee728b)
Start importing Assets/Cube.prefab using Guid(83e6236cb8aafd94e9ff0735b236f6e9) Importer(815301076,1909f56bfc062723c751e8b465ee728b)  -> (artifact id: '7feb3d5eeee60ce668a86d615d4739cd') in 0.017864 seconds 
  Import took 0.027753 seconds .

========================================================================
Received Import Request.
  Time since last request: 1.378291 seconds.
  path: Assets/3D Gamekit - Environment Pack
  artifactKey: Guid(a281df0673d1d814bb0209d5d3d214c4) Importer(815301076,1909f56bfc062723c751e8b465ee728b)
Start importing Assets/3D Gamekit - Environment Pack using Guid(a281df0673d1d814bb0209d5d3d214c4) Importer(815301076,1909f56bfc062723c751e8b465ee728b)  -> (artifact id: 'fa0fef38c69e4bf9cbb364afa7665e35') in 0.009239 seconds 
  Import took 0.017194 seconds .

========================================================================
Received Import Request.
  Time since last request: 1.577941 seconds.
  path: Assets/3D Gamekit - Environment Pack/Environment
  artifactKey: Guid(83ac68febd65bce479955fded4d5ccc8) Importer(815301076,1909f56bfc062723c751e8b465ee728b)
Start importing Assets/3D Gamekit - Environment Pack/Environment using Guid(83ac68febd65bce479955fded4d5ccc8) Importer(815301076,1909f56bfc062723c751e8b465ee728b)  -> (artifact id: '0956d01e661dd25b8b5cc57b3178a598') in 0.021852 seconds 
  Import took 0.031510 seconds .

========================================================================
Received Import Request.
  Time since last request: 1.532507 seconds.
  path: Assets/3D Gamekit - Environment Pack/Environment/Vegetation
  artifactKey: Guid(aa8b3df0cb3658c4497db6251530ed2a) Importer(815301076,1909f56bfc062723c751e8b465ee728b)
Start importing Assets/3D Gamekit - Environment Pack/Environment/Vegetation using Guid(aa8b3df0cb3658c4497db6251530ed2a) Importer(815301076,1909f56bfc062723c751e8b465ee728b)  -> (artifact id: '0309833f1bdc31a2651720d64bd431a7') in 0.022517 seconds 
  Import took 0.030786 seconds .

========================================================================
Received Import Request.
  Time since last request: 2.259594 seconds.
  path: Assets/3D Gamekit - Environment Pack/Environment/Vegetation/Misc
  artifactKey: Guid(3f875b9633564544198d6b2250f4a16e) Importer(815301076,1909f56bfc062723c751e8b465ee728b)
Start importing Assets/3D Gamekit - Environment Pack/Environment/Vegetation/Misc using Guid(3f875b9633564544198d6b2250f4a16e) Importer(815301076,1909f56bfc062723c751e8b465ee728b)  -> (artifact id: '05b35cf5fc303630440713288307f799') in 0.009517 seconds 
  Import took 0.029834 seconds .

========================================================================
Received Import Request.
  Time since last request: 2.335254 seconds.
  path: Assets/3D Gamekit - Environment Pack/Environment/Vegetation/Misc/Prefabs
  artifactKey: Guid(c6b0414858f1974459bca1a9900560fa) Importer(815301076,1909f56bfc062723c751e8b465ee728b)
Start importing Assets/3D Gamekit - Environment Pack/Environment/Vegetation/Misc/Prefabs using Guid(c6b0414858f1974459bca1a9900560fa) Importer(815301076,1909f56bfc062723c751e8b465ee728b)  -> (artifact id: 'd899ba8076ff1f26f9829a5cc6b41e04') in 0.008202 seconds 
  Import took 0.027125 seconds .

========================================================================
Received Import Request.
  Time since last request: 0.148330 seconds.
  path: Assets/3D Gamekit - Environment Pack/Environment/Vegetation/Misc/Prefabs/Fungus.prefab
  artifactKey: Guid(a3302d1159bf8834db2f435d35828fa7) Importer(815301076,1909f56bfc062723c751e8b465ee728b)
Start importing Assets/3D Gamekit - Environment Pack/Environment/Vegetation/Misc/Prefabs/Fungus.prefab using Guid(a3302d1159bf8834db2f435d35828fa7) Importer(815301076,1909f56bfc062723c751e8b465ee728b)  -> (artifact id: '47d778c7540566c0febfcd10a51f1030') in 0.282684 seconds 
  Import took 0.291701 seconds .

========================================================================
Received Import Request.
  Time since last request: 0.000555 seconds.
  path: Assets/3D Gamekit - Environment Pack/Environment/Vegetation/Misc/Prefabs/GroundCover02.prefab
  artifactKey: Guid(355b7f6942603ce4585b44ec832155c8) Importer(815301076,1909f56bfc062723c751e8b465ee728b)
Start importing Assets/3D Gamekit - Environment Pack/Environment/Vegetation/Misc/Prefabs/GroundCover02.prefab using Guid(355b7f6942603ce4585b44ec832155c8) Importer(815301076,1909f56bfc062723c751e8b465ee728b)  -> (artifact id: 'a350e58f3bb4ed6f7fbb4b58167b197b') in 0.207220 seconds 
  Import took 0.219307 seconds .

========================================================================
Received Import Request.
  Time since last request: 0.000851 seconds.
  path: Assets/3D Gamekit - Environment Pack/Environment/Vegetation/Misc/Prefabs/FungusClump.prefab
  artifactKey: Guid(81b4025e3db9d12459931282e4dee5c9) Importer(815301076,1909f56bfc062723c751e8b465ee728b)
Start importing Assets/3D Gamekit - Environment Pack/Environment/Vegetation/Misc/Prefabs/FungusClump.prefab using Guid(81b4025e3db9d12459931282e4dee5c9) Importer(815301076,1909f56bfc062723c751e8b465ee728b)  -> (artifact id: 'f9f350e13ef20e694f2845f904f61fe1') in 0.110905 seconds 
  Import took 0.119672 seconds .

========================================================================
Received Import Request.
  Time since last request: 0.000448 seconds.
  path: Assets/3D Gamekit - Environment Pack/Environment/Vegetation/Misc/Prefabs/HangingMoss01.prefab
  artifactKey: Guid(997a19d77c58e3c4e9c0a015394970f1) Importer(815301076,1909f56bfc062723c751e8b465ee728b)
Start importing Assets/3D Gamekit - Environment Pack/Environment/Vegetation/Misc/Prefabs/HangingMoss01.prefab using Guid(997a19d77c58e3c4e9c0a015394970f1) Importer(815301076,1909f56bfc062723c751e8b465ee728b)  -> (artifact id: '10b25696fec190a5ddb5e5d5ca34c8c3') in 0.092671 seconds 
  Import took 0.100597 seconds .

========================================================================
Received Import Request.
  Time since last request: 0.000391 seconds.
  path: Assets/3D Gamekit - Environment Pack/Environment/Vegetation/Misc/Prefabs/HangingMoss02.prefab
  artifactKey: Guid(4ae69f10b2fc9b7428dbbb967983ec71) Importer(815301076,1909f56bfc062723c751e8b465ee728b)
Start importing Assets/3D Gamekit - Environment Pack/Environment/Vegetation/Misc/Prefabs/HangingMoss02.prefab using Guid(4ae69f10b2fc9b7428dbbb967983ec71) Importer(815301076,1909f56bfc062723c751e8b465ee728b)  -> (artifact id: 'a19b66ee7d6765db640332534669182d') in 0.081635 seconds 
  Import took 0.089832 seconds .

========================================================================
Received Import Request.
  Time since last request: 0.000415 seconds.
  path: Assets/3D Gamekit - Environment Pack/Environment/Vegetation/Misc/Prefabs/HangingMoss03.prefab
  artifactKey: Guid(71986e519c316bc43badc381272cd9e9) Importer(815301076,1909f56bfc062723c751e8b465ee728b)
Start importing Assets/3D Gamekit - Environment Pack/Environment/Vegetation/Misc/Prefabs/HangingMoss03.prefab using Guid(71986e519c316bc43badc381272cd9e9) Importer(815301076,1909f56bfc062723c751e8b465ee728b)  -> (artifact id: '92d84675210a23febeba659e25629507') in 0.095488 seconds 
  Import took 0.104082 seconds .

========================================================================
Received Import Request.
  Time since last request: 0.000601 seconds.
  path: Assets/3D Gamekit - Environment Pack/Environment/Vegetation/Misc/Prefabs/HangingVine.prefab
  artifactKey: Guid(d9a624152bf5ba74db9f393c9a30714d) Importer(815301076,1909f56bfc062723c751e8b465ee728b)
Start importing Assets/3D Gamekit - Environment Pack/Environment/Vegetation/Misc/Prefabs/HangingVine.prefab using Guid(d9a624152bf5ba74db9f393c9a30714d) Importer(815301076,1909f56bfc062723c751e8b465ee728b)  -> (artifact id: 'b25718131fa0aea7b45bb2240090d74e') in 0.087124 seconds 
  Import took 0.095787 seconds .

========================================================================
Received Import Request.
  Time since last request: 0.000605 seconds.
  path: Assets/3D Gamekit - Environment Pack/Environment/Vegetation/Misc/Prefabs/GroundCover01.prefab
  artifactKey: Guid(0a28ac2ef0db42f4b814ac87a891512e) Importer(815301076,1909f56bfc062723c751e8b465ee728b)
Start importing Assets/3D Gamekit - Environment Pack/Environment/Vegetation/Misc/Prefabs/GroundCover01.prefab using Guid(0a28ac2ef0db42f4b814ac87a891512e) Importer(815301076,1909f56bfc062723c751e8b465ee728b)  -> (artifact id: 'a6e28a99313960e6a1c77a6dd3f3f767') in 0.066239 seconds 
  Import took 0.075046 seconds .

========================================================================
Received Import Request.
  Time since last request: 0.000419 seconds.
  path: Assets/3D Gamekit - Environment Pack/Environment/Vegetation/Misc/Prefabs/HangingVine2.prefab
  artifactKey: Guid(eb24b71eaeb67ab448729d79b84035ad) Importer(815301076,1909f56bfc062723c751e8b465ee728b)
Start importing Assets/3D Gamekit - Environment Pack/Environment/Vegetation/Misc/Prefabs/HangingVine2.prefab using Guid(eb24b71eaeb67ab448729d79b84035ad) Importer(815301076,1909f56bfc062723c751e8b465ee728b)  -> (artifact id: '4def3d937dcccc10a337a21f2e626048') in 0.101031 seconds 
  Import took 0.108753 seconds .

========================================================================
Received Prepare
Refreshing native plugins compatible for Editor in 5.40 ms, found 0 plugins.
Preloading 0 native plugins for Editor in 0.00 ms.
Unloading 13 Unused Serialized files (Serialized files now loaded: 0)
System memory in use before: 84.7 MB.
System memory in use after: 83.9 MB.

Unloading 12 unused Assets to reduce memory usage. Loaded Objects now: 4449.
Total: 7.517500 ms (FindLiveObjects: 0.406900 ms CreateObjectMapping: 0.191600 ms MarkObjects: 6.345900 ms  DeleteObjects: 0.567200 ms)

AssetImportParameters requested are different than current active one (requested -> active):
  custom:framework-win-MediaFoundation: 216162199b28c13a410421893ffa2e32 -> 
  custom:video-decoder-ogg-theora: a1e56fd34408186e4bbccfd4996cb3dc -> 
  custom:container-muxer-webm: aa71ff27fc2769a1b78a27578f13a17b -> 
  custom:container-demuxer-webm: 4f35f7cbe854078d1ac9338744f61a02 -> 
  custom:container-demuxer-ogg: 62fdf1f143b41e24485cea50d1cbac27 -> 
  custom:video-encoder-webm-vp8: eb34c28f22e8b96e1ab97ce403110664 -> 
  custom:video-codec-MediaFoundation-h265: 746d11721c4dcdbdad8f713fa42b33f4 -> 
  custom:video-decoder-webm-vp8: 9c59270c3fd7afecdb556c50c9e8de78 -> 
  custom:audio-decoder-ogg-vorbis: bf7c407c2cedff20999df2af8eb42d56 -> 
  custom:audio-encoder-webm-vorbis: bf7c407c2cedff20999df2af8eb42d56 -> 
AssetImportWorkerClient::OnTransportError - code=2 error=End of file
